Flow report for FIR-filter
Mon Mar 26 22:23:14 2018
Quartus Prime Version 15.1.0 Build 185 10/21/2015 SJ Lite Edition


---------------------
; Table of Contents ;
---------------------
  1. Legal Notice
  2. Flow Summary
  3. Flow Settings
  4. Flow Non-Default Global Settings
  5. Flow Elapsed Time
  6. Flow OS Summary
  7. Flow Log
  8. Flow Messages
  9. Flow Suppressed Messages



----------------
; Legal Notice ;
----------------
Copyright (C) 1991-2015 Altera Corporation. All rights reserved.
Your use of Altera Corporation's design tools, logic functions 
and other software and tools, and its AMPP partner logic 
functions, and any output files from any of the foregoing 
(including device programming or simulation files), and any 
associated documentation or information are expressly subject 
to the terms and conditions of the Altera Program License 
Subscription Agreement, the Altera Quartus Prime License Agreement,
the Altera MegaCore Function License Agreement, or other 
applicable license agreement, including, without limitation, 
that your use is for the sole purpose of programming logic 
devices manufactured by Altera and sold by Altera or its 
authorized distributors.  Please refer to the applicable 
agreement for further details.



+-------------------------------------------------------------------------------+
; Flow Summary                                                                  ;
+---------------------------------+---------------------------------------------+
; Flow Status                     ; Successful - Mon Mar 26 22:23:14 2018       ;
; Quartus Prime Version           ; 15.1.0 Build 185 10/21/2015 SJ Lite Edition ;
; Revision Name                   ; FIR-filter                                  ;
; Top-level Entity Name           ; fir_gen                                     ;
; Family                          ; Cyclone V                                   ;
; Device                          ; 5CSEMA5F31C6                                ;
; Timing Models                   ; Final                                       ;
; Logic utilization (in ALMs)     ; 61 / 32,070 ( < 1 % )                       ;
; Total registers                 ; 184                                         ;
; Total pins                      ; 31 / 457 ( 7 % )                            ;
; Total virtual pins              ; 0                                           ;
; Total block memory bits         ; 0 / 4,065,280 ( 0 % )                       ;
; Total DSP Blocks                ; 4 / 87 ( 5 % )                              ;
; Total HSSI RX PCSs              ; 0                                           ;
; Total HSSI PMA RX Deserializers ; 0                                           ;
; Total HSSI TX PCSs              ; 0                                           ;
; Total HSSI PMA TX Serializers   ; 0                                           ;
; Total PLLs                      ; 0 / 6 ( 0 % )                               ;
; Total DLLs                      ; 0 / 4 ( 0 % )                               ;
+---------------------------------+---------------------------------------------+


+-----------------------------------------+
; Flow Settings                           ;
+-------------------+---------------------+
; Option            ; Setting             ;
+-------------------+---------------------+
; Start date & time ; 03/26/2018 22:21:37 ;
; Main task         ; Compilation         ;
; Revision Name     ; FIR-filter          ;
+-------------------+---------------------+


+------------------------------------------------------------------------------------------------------------------+
; Flow Non-Default Global Settings                                                                                 ;
+-------------------------------------+------------------------+---------------+------------------+----------------+
; Assignment Name                     ; Value                  ; Default Value ; Entity Name      ; Section Id     ;
+-------------------------------------+------------------------+---------------+------------------+----------------+
; COMPILER_SIGNATURE_ID               ; 0.152211729724172      ; --            ; --               ; --             ;
; EDA_OUTPUT_DATA_FORMAT              ; Vhdl                   ; --            ; --               ; eda_simulation ;
; EDA_SIMULATION_TOOL                 ; ModelSim-Altera (VHDL) ; <None>        ; --               ; --             ;
; MAX_CORE_JUNCTION_TEMP              ; 85                     ; --            ; --               ; --             ;
; MIN_CORE_JUNCTION_TEMP              ; 0                      ; --            ; --               ; --             ;
; PARTITION_COLOR                     ; 16764057               ; --            ; DE1_SoC_Computer ; Top            ;
; PARTITION_COLOR                     ; 16764057               ; --            ; fir_gen          ; Top            ;
; PARTITION_FITTER_PRESERVATION_LEVEL ; PLACEMENT_AND_ROUTING  ; --            ; DE1_SoC_Computer ; Top            ;
; PARTITION_FITTER_PRESERVATION_LEVEL ; PLACEMENT_AND_ROUTING  ; --            ; fir_gen          ; Top            ;
; PARTITION_NETLIST_TYPE              ; SOURCE                 ; --            ; DE1_SoC_Computer ; Top            ;
; PARTITION_NETLIST_TYPE              ; SOURCE                 ; --            ; fir_gen          ; Top            ;
; PROJECT_OUTPUT_DIRECTORY            ; output_files           ; --            ; --               ; --             ;
; TOP_LEVEL_ENTITY                    ; fir_gen                ; FIR-filter    ; --               ; --             ;
+-------------------------------------+------------------------+---------------+------------------+----------------+


+-------------------------------------------------------------------------------------------------------------------------------+
; Flow Elapsed Time                                                                                                             ;
+---------------------------+--------------+-------------------------+---------------------+------------------------------------+
; Module Name               ; Elapsed Time ; Average Processors Used ; Peak Virtual Memory ; Total CPU Time (on all processors) ;
+---------------------------+--------------+-------------------------+---------------------+------------------------------------+
; Analysis & Synthesis      ; 00:00:15     ; 1.0                     ; 1268 MB             ; 00:00:34                           ;
; Fitter                    ; 00:00:47     ; 1.0                     ; 2203 MB             ; 00:01:01                           ;
; Assembler                 ; 00:00:09     ; 1.0                     ; 1153 MB             ; 00:00:09                           ;
; TimeQuest Timing Analyzer ; 00:00:07     ; 1.0                     ; 1369 MB             ; 00:00:06                           ;
; EDA Netlist Writer        ; 00:00:01     ; 1.0                     ; 1346 MB             ; 00:00:01                           ;
; Total                     ; 00:01:19     ; --                      ; --                  ; 00:01:51                           ;
+---------------------------+--------------+-------------------------+---------------------+------------------------------------+


+---------------------------------------------------------------------------------------------+
; Flow OS Summary                                                                             ;
+---------------------------+------------------+----------------+------------+----------------+
; Module Name               ; Machine Hostname ; OS Name        ; OS Version ; Processor type ;
+---------------------------+------------------+----------------+------------+----------------+
; Analysis & Synthesis      ; matt-XPS-L322X   ; Ubuntu 16.04.4 ; 16         ; x86_64         ;
; Fitter                    ; matt-XPS-L322X   ; Ubuntu 16.04.4 ; 16         ; x86_64         ;
; Assembler                 ; matt-XPS-L322X   ; Ubuntu 16.04.4 ; 16         ; x86_64         ;
; TimeQuest Timing Analyzer ; matt-XPS-L322X   ; Ubuntu 16.04.4 ; 16         ; x86_64         ;
; EDA Netlist Writer        ; matt-XPS-L322X   ; Ubuntu 16.04.4 ; 16         ; x86_64         ;
+---------------------------+------------------+----------------+------------+----------------+


------------
; Flow Log ;
------------
quartus_map --read_settings_files=on --write_settings_files=off FIR-filter -c FIR-filter
quartus_fit --read_settings_files=off --write_settings_files=off FIR-filter -c FIR-filter
quartus_asm --read_settings_files=off --write_settings_files=off FIR-filter -c FIR-filter
quartus_sta FIR-filter -c FIR-filter
quartus_eda --read_settings_files=off --write_settings_files=off FIR-filter -c FIR-filter



